<?xml version="1.0" encoding="UTF-8"?>
<testsuite name="CoffeeMachineTest" tests="1" skipped="0" failures="0" errors="0" timestamp="2020-04-09T19:13:17" hostname="FRANKSTEIN-PR12AI" time="0.98">
  <properties/>
  <testcase name="start" classname="CoffeeMachineTest" time="0.98"/>
  <system-out><![CDATA[?[1;31m
Start test 1?[0m
CHOOSING
Write action (buy, fill, take, remaining, exit): >remaining
REMAINING

The coffee machine has:
400 of water
540 of milk
120 of coffee beans
9 of disposable cups
550 of money

CHOOSING
Write action (buy, fill, take, remaining, exit): >buy
BUYING

What do you want to buy? 1 - espresso, 2 - latte, 3 - cappuccino, back - to main menu: >2
I have enough resources, making you a coffee!

CHOOSING
Write action (buy, fill, take, remaining, exit): >buy
BUYING

What do you want to buy? 1 - espresso, 2 - latte, 3 - cappuccino, back - to main menu: >2
Sorry, not enough water!
Sorry, not enough water!
CHOOSING
Write action (buy, fill, take, remaining, exit): >fill
FILLING

Write how many ml of water do you want to add: >1000

Write how many ml of milk do you want to add: >0

Write how many grams of coffee beans do you want to add: >0

Write how many disposable cups of coffee do you want to add: >0

CHOOSING
Write action (buy, fill, take, remaining, exit): >buy
BUYING

What do you want to buy? 1 - espresso, 2 - latte, 3 - cappuccino, back - to main menu: >2
I have enough resources, making you a coffee!

CHOOSING
Write action (buy, fill, take, remaining, exit): >take
TAKING
I gave you $564

CHOOSING
Write action (buy, fill, take, remaining, exit): >remaining
REMAINING

The coffee machine has:
700 of water
390 of milk
80 of coffee beans
7 of disposable cups
0 of money

CHOOSING
Write action (buy, fill, take, remaining, exit): >exit
EXITING
?[1;31m
Start test 2?[0m
CHOOSING
Write action (buy, fill, take, remaining, exit): >remaining
REMAINING

The coffee machine has:
400 of water
540 of milk
120 of coffee beans
9 of disposable cups
550 of money

CHOOSING
Write action (buy, fill, take, remaining, exit): >fill
FILLING

Write how many ml of water do you want to add: >3000

Write how many ml of milk do you want to add: >3000

Write how many grams of coffee beans do you want to add: >3000

Write how many disposable cups of coffee do you want to add: >3000

CHOOSING
Write action (buy, fill, take, remaining, exit): >remaining
REMAINING

The coffee machine has:
3400 of water
3540 of milk
3120 of coffee beans
3009 of disposable cups
550 of money

CHOOSING
Write action (buy, fill, take, remaining, exit): >exit
EXITING
?[1;31m
Start test 3?[0m
CHOOSING
Write action (buy, fill, take, remaining, exit): >remaining
REMAINING

The coffee machine has:
400 of water
540 of milk
120 of coffee beans
9 of disposable cups
550 of money

CHOOSING
Write action (buy, fill, take, remaining, exit): >buy
BUYING

What do you want to buy? 1 - espresso, 2 - latte, 3 - cappuccino, back - to main menu: >1
I have enough resources, making you a coffee!

CHOOSING
Write action (buy, fill, take, remaining, exit): >remaining
REMAINING

The coffee machine has:
150 of water
540 of milk
104 of coffee beans
8 of disposable cups
554 of money

CHOOSING
Write action (buy, fill, take, remaining, exit): >exit
EXITING
?[1;31m
Start test 4?[0m
CHOOSING
Write action (buy, fill, take, remaining, exit): >remaining
REMAINING

The coffee machine has:
400 of water
540 of milk
120 of coffee beans
9 of disposable cups
550 of money

CHOOSING
Write action (buy, fill, take, remaining, exit): >buy
BUYING

What do you want to buy? 1 - espresso, 2 - latte, 3 - cappuccino, back - to main menu: >2
I have enough resources, making you a coffee!

CHOOSING
Write action (buy, fill, take, remaining, exit): >remaining
REMAINING

The coffee machine has:
50 of water
465 of milk
100 of coffee beans
8 of disposable cups
557 of money

CHOOSING
Write action (buy, fill, take, remaining, exit): >exit
EXITING
?[1;31m
Start test 5?[0m
CHOOSING
Write action (buy, fill, take, remaining, exit): >remaining
REMAINING

The coffee machine has:
400 of water
540 of milk
120 of coffee beans
9 of disposable cups
550 of money

CHOOSING
Write action (buy, fill, take, remaining, exit): >buy
BUYING

What do you want to buy? 1 - espresso, 2 - latte, 3 - cappuccino, back - to main menu: >3
I have enough resources, making you a coffee!

CHOOSING
Write action (buy, fill, take, remaining, exit): >remaining
REMAINING

The coffee machine has:
200 of water
440 of milk
108 of coffee beans
8 of disposable cups
556 of money

CHOOSING
Write action (buy, fill, take, remaining, exit): >exit
EXITING
?[1;31m
Start test 6?[0m
CHOOSING
Write action (buy, fill, take, remaining, exit): >remaining
REMAINING

The coffee machine has:
400 of water
540 of milk
120 of coffee beans
9 of disposable cups
550 of money

CHOOSING
Write action (buy, fill, take, remaining, exit): >take
TAKING
I gave you $550

CHOOSING
Write action (buy, fill, take, remaining, exit): >remaining
REMAINING

The coffee machine has:
400 of water
540 of milk
120 of coffee beans
9 of disposable cups
0 of money

CHOOSING
Write action (buy, fill, take, remaining, exit): >exit
EXITING
?[1;31m
Start test 7?[0m
CHOOSING
Write action (buy, fill, take, remaining, exit): >remaining
REMAINING

The coffee machine has:
400 of water
540 of milk
120 of coffee beans
9 of disposable cups
550 of money

CHOOSING
Write action (buy, fill, take, remaining, exit): >buy
BUYING

What do you want to buy? 1 - espresso, 2 - latte, 3 - cappuccino, back - to main menu: >back
CHOOSING
Write action (buy, fill, take, remaining, exit): >remaining
REMAINING

The coffee machine has:
400 of water
540 of milk
120 of coffee beans
9 of disposable cups
550 of money

CHOOSING
Write action (buy, fill, take, remaining, exit): >exit
EXITING
]]></system-out>
  <system-err><![CDATA[]]></system-err>
</testsuite>
